[2026-01-28T05:57:45.979Z] Request: {"query":"","style":"Special Situation","sector":"Financials","marketCap":"Mega Cap ($200B+)"}
[2026-01-28T05:58:02.771Z] Raw Response: {
  "stocks": [
    {
      "symbol": "WFC",
      "name": "Wells Fargo & Company",
      "thematicF...
[2026-01-28T05:59:24.454Z] Request: {"query":"","style":"Thematic","sector":"Technology","marketCap":"Small Cap (<$2B)"}
[2026-01-28T05:59:39.091Z] Raw Response: {
  "stocks": [
    {
      "symbol": "CEVA",
      "name": "CEVA, Inc.",
      "thematicFit": "Pure...
[2026-01-28T06:01:11.194Z] Request: {"query":"","style":"Thematic"}
[2026-01-28T06:01:32.856Z] Raw Response: {
  "stocks": [
    {
      "symbol": "VRT",
      "name": "Vertiv Holdings Co",
      "thematicFit"...
